<?xml version="1.0" encoding="UTF-8"?>
<!-- Generated by org.testng.reporters.JUnitXMLReporter -->
<testsuite hostname="TGS-DPC-2057" ignored="0" name="Default test" tests="4" failures="0" timestamp="07 Jul 2021 07:36:21 GMT" time="0.135" errors="0">
  <testcase name="addProducts" time="0.011" classname="com.tv.trainings2.ShopTest"/>
  <testcase name="getAllGstProducts" time="0.002" classname="com.tv.trainings2.ShopTest"/>
  <testcase name="validateGstProducts" time="0.077" classname="com.tv.trainings2.ShopTest"/>
  <testcase name="validateGstProductsListCount" time="0.002" classname="com.tv.trainings2.ShopTest"/>
</testsuite> <!-- Default test -->
