<?xml version="1.0" encoding="UTF-8"?>
<!-- Generated by org.testng.reporters.JUnitXMLReporter -->
<testsuite hostname="TGS-DPC-2057" ignored="0" name="Default test" tests="4" failures="0" timestamp="08 Jul 2021 23:03:17 GMT" time="0.15" errors="0">
  <testcase name="DisplayPatientListVisitedFromJuly1To5" time="0.089" classname="com.tv.trainings3.CMHospitalTest"/>
  <testcase name="DisplayPatientListVisitedOnJuly5" time="0.007" classname="com.tv.trainings3.CMHospitalTest"/>
  <testcase name="makeDecisionBasedOnPatientsData" time="0.002" classname="com.tv.trainings3.CMHospitalTest"/>
  <testcase name="validateLocalPatientsCount" time="0.009" classname="com.tv.trainings3.CMHospitalTest"/>
</testsuite> <!-- Default test -->
