<?xml version="1.0" encoding="UTF-8"?>
<!-- Generated by org.testng.reporters.JUnitXMLReporter -->
<testsuite hostname="TGS-DPC-2057" ignored="0" name="Test" tests="16" failures="0" timestamp="08 Jul 2021 23:17:30 GMT" time="0.227" errors="0">
  <testcase name="getAllGstProducts" time="0.01" classname="com.tv.trainings2.ShopTest"/>
  <testcase name="getAllGstProductsWithinSomePriceRange" time="0.089" classname="com.tv.trainings2.ShopTest"/>
  <testcase name="T02_validateAppleBowl" time="0.108" classname="com.tv.trainings.FruitsTest"/>
  <testcase name="T03_validateBananaBowl" time="0.003" classname="com.tv.trainings.FruitsTest"/>
  <testcase name="DisplayPatientListVisitedFromJuly1To5" time="0.129" classname="com.tv.trainings3.CMHospitalTest"/>
  <testcase name="DisplayPatientListVisitedOnJuly5" time="0.005" classname="com.tv.trainings3.CMHospitalTest"/>
  <testcase name="decisionBasedOnPatientsData" time="0.003" classname="com.tv.trainings3.CMHospitalTest"/>
  <testcase name="T04_validateOrangeBowl" time="0.027" classname="com.tv.trainings.FruitsTest"/>
  <testcase name="validateLocalPatientsCount" time="0.015" classname="com.tv.trainings3.CMHospitalTest"/>
  <testcase name="T05_removeAllApples" time="0.003" classname="com.tv.trainings.FruitsTest"/>
  <testcase name="T06_getGreenApplePrice" time="0.003" classname="com.tv.trainings.FruitsTest"/>
  <testcase name="validateGstProducts" time="0.061" classname="com.tv.trainings2.ShopTest"/>
  <testcase name="validateGstProductsListCount" time="0.002" classname="com.tv.trainings2.ShopTest"/>
  <testcase name="T07_getOrangePrice" time="0.006" classname="com.tv.trainings.FruitsTest"/>
  <testcase name="T08_validateBananaCount" time="0.002" classname="com.tv.trainings.FruitsTest"/>
  <testcase name="validateProductAvailability" time="0.002" classname="com.tv.trainings2.ShopTest"/>
</testsuite> <!-- Test -->
